<?xml version="1.0" encoding="UTF-8"?>
<testng-results ignored="0" total="4" passed="4" failed="0" skipped="0">
  <reporter-output>
  </reporter-output>
  <suite started-at="2026-05-06T16:09:17 IST" name="Suite" finished-at="2026-05-06T16:09:17 IST" duration-ms="48">
    <groups>
    </groups>
    <test started-at="2026-05-06T16:09:17 IST" name="Test" finished-at="2026-05-06T16:09:17 IST" duration-ms="48">
      <class name="createOrg.CreateOrgTest">
        <test-method signature="createOrg()[pri:0, instance:createOrg.CreateOrgTest@7cc0cdad]" started-at="2026-05-06T16:09:17 IST" name="createOrg" finished-at="2026-05-06T16:09:17 IST" duration-ms="8" status="PASS">
          <reporter-output>
          </reporter-output>
        </test-method> <!-- createOrg -->
        <test-method signature="createOrgWithAddress()[pri:0, instance:createOrg.CreateOrgTest@7cc0cdad]" started-at="2026-05-06T16:09:17 IST" name="createOrgWithAddress" finished-at="2026-05-06T16:09:17 IST" duration-ms="2" status="PASS">
          <reporter-output>
          </reporter-output>
        </test-method> <!-- createOrgWithAddress -->
      </class> <!-- createOrg.CreateOrgTest -->
      <class name="searchProduct.SearchProductTest">
        <test-method signature="productSearch()[pri:0, instance:searchProduct.SearchProductTest@a1153bc]" started-at="2026-05-06T16:09:17 IST" name="productSearch" finished-at="2026-05-06T16:09:17 IST" duration-ms="1" status="PASS">
          <reporter-output>
          </reporter-output>
        </test-method> <!-- productSearch -->
        <test-method signature="productSearchwithmodelNo()[pri:0, instance:searchProduct.SearchProductTest@a1153bc]" started-at="2026-05-06T16:09:17 IST" name="productSearchwithmodelNo" finished-at="2026-05-06T16:09:17 IST" duration-ms="1" status="PASS">
          <reporter-output>
          </reporter-output>
        </test-method> <!-- productSearchwithmodelNo -->
      </class> <!-- searchProduct.SearchProductTest -->
    </test> <!-- Test -->
  </suite> <!-- Suite -->
</testng-results>
