<?xml version="1.0" encoding="UTF-8"?>
<!-- Generated by org.testng.reporters.JUnitXMLReporter -->
<testsuite ignored="0" hostname="LUNARA" failures="0" tests="4" name="Test" time="0.048" errors="0" timestamp="2026-05-06T16:09:17 IST">
  <testcase classname="createOrg.CreateOrgTest" name="createOrg" time="0.008"/>
  <testcase classname="createOrg.CreateOrgTest" name="createOrgWithAddress" time="0.002"/>
  <testcase classname="searchProduct.SearchProductTest" name="productSearch" time="0.001"/>
  <testcase classname="searchProduct.SearchProductTest" name="productSearchwithmodelNo" time="0.001"/>
</testsuite> <!-- Test -->
